build/app/outputs/mapping/development/release/mapping.txt
# compiler: R8
# compiler_version: 1.5.64
# min_api: 21
# pg_map_id: fda93ae
...
io.flutter.embedding.engine.FlutterEngine$1 -> io.flutter.embedding.engine.a$a:
    io.flutter.embedding.engine.FlutterEngine this$0 -> a
    void onPreEngineRestart() -> a
    void onEngineWillDestroy() -> b
io.flutter.embedding.engine.FlutterEngine$EngineLifecycleListener -> io.flutter.embedding.engine.a$b:
    void onPreEngineRestart() -> a
    void onEngineWillDestroy() -> b
io.flutter.embedding.engine.FlutterEngineCache -> io.flutter.embedding.engine.b:
    java.util.Map cachedEngines -> a
    io.flutter.embedding.engine.FlutterEngineCache instance -> b
    io.flutter.embedding.engine.FlutterEngine get(java.lang.String) -> a
    io.flutter.embedding.engine.FlutterEngineCache getInstance() -> a
    void put(java.lang.String,io.flutter.embedding.engine.FlutterEngine) -> a
    void remove(java.lang.String) -> b
io.flutter.embedding.engine.FlutterEngineConnectionRegistry -> io.flutter.embedding.engine.c:
    io.flutter.embedding.engine.FlutterEngineConnectionRegistry$FlutterEngineBroadcastReceiverPluginBinding broadcastReceiverPluginBinding -> n
    io.flutter.embedding.android.ExclusiveAppComponent exclusiveActivity -> f
    io.flutter.embedding.engine.plugins.FlutterPlugin$FlutterPluginBinding pluginBinding -> c
    java.util.Map contentProviderAwarePlugins -> o
    java.util.Map plugins -> a
    android.app.Activity activity -> e
    android.app.Service service -> j
    io.flutter.embedding.engine.FlutterEngineConnectionRegistry$FlutterEngineServicePluginBinding servicePluginBinding -> k
    io.flutter.embedding.engine.FlutterEngineConnectionRegistry$FlutterEngineContentProviderPluginBinding contentProviderPluginBinding -> q
    java.util.Map activityAwarePlugins -> d
    java.util.Map serviceAwarePlugins -> i
    io.flutter.embedding.engine.FlutterEngine flutterEngine -> b
    boolean isWaitingForActivityReattachment -> h
    java.util.Map broadcastReceiverAwarePlugins -> l
    android.content.ContentProvider contentProvider -> p
    io.flutter.embedding.engine.FlutterEngineConnectionRegistry$FlutterEngineActivityPluginBinding activityPluginBinding -> g
    android.content.BroadcastReceiver broadcastReceiver -> m
    void add(io.flutter.embedding.engine.plugins.FlutterPlugin) -> a
io.flutter.embedding.engine.FlutterEngineConnectionRegistry$1 -> io.flutter.embedding.engine.c$a:
io.flutter.embedding.engine.FlutterEngineConnectionRegistry$DefaultFlutterAssets -> io.flutter.embedding.engine.c$b:
io.flutter.embedding.engine.FlutterEngineConnectionRegistry$FlutterEngineActivityPluginBinding -> io.flutter.embedding.engine.c$c:
    java.util.Set onNewIntentListeners -> c
    java.util.Set onUserLeaveHintListeners -> d
    java.util.Set onSaveInstanceStateListeners -> e
    java.util.Set onRequestPermissionsResultListeners -> a
    java.util.Set onActivityResultListeners -> b
    boolean onActivityResult(int,int,android.content.Intent) -> a
    void onNewIntent(android.content.Intent) -> a
    boolean onRequestPermissionsResult(int,java.lang.String[],int[]) -> a
    void onRestoreInstanceState(android.os.Bundle) -> a
    void onUserLeaveHint() -> a
    void onSaveInstanceState(android.os.Bundle) -> b
io.flutter.embedding.engine.FlutterEngineConnectionRegistry$FlutterEngineBroadcastReceiverPluginBinding -> io.flutter.embedding.engine.c$d:
io.flutter.embedding.engine.FlutterEngineConnectionRegistry$FlutterEngineContentProviderPluginBinding -> io.flutter.embedding.engine.c$e:
io.flutter.embedding.engine.FlutterEngineConnectionRegistry$FlutterEngineServicePluginBinding -> io.flutter.embedding.engine.c$f:
io.flutter.embedding.engine.FlutterJNI$AccessibilityDelegate -> io.flutter.embedding.engine.FlutterJNI$a:
    void updateCustomAccessibilityActions(java.nio.ByteBuffer,java.lang.String[]) -> a
    void updateSemantics(java.nio.ByteBuffer,java.lang.String[]) -> b
io.flutter.embedding.engine.FlutterJNI$AsyncWaitForVsyncDelegate -> io.flutter.embedding.engine.FlutterJNI$b:
    void asyncWaitForVsync(long) -> a